::1 - - [23/Feb/2020:17:31:54 +0000] "OPTIONS /auth/login HTTP/1.1" 204 0 "http://localhost:8080/login" "Mozilla/5.0 (Windows NT 10.0; Win64; x64) AppleWebKit/537.36 (KHTML, like Gecko) Chrome/80.0.3987.87 Safari/537.36"
::1 - - [23/Feb/2020:17:31:55 +0000] "POST /auth/login HTTP/1.1" 200 264 "http://localhost:8080/login" "Mozilla/5.0 (Windows NT 10.0; Win64; x64) AppleWebKit/537.36 (KHTML, like Gecko) Chrome/80.0.3987.87 Safari/537.36"
::1 - - [23/Feb/2020:17:31:56 +0000] "OPTIONS /feed/posts/?page=1 HTTP/1.1" 204 0 "http://localhost:8080/feed" "Mozilla/5.0 (Windows NT 10.0; Win64; x64) AppleWebKit/537.36 (KHTML, like Gecko) Chrome/80.0.3987.87 Safari/537.36"
::1 - - [23/Feb/2020:17:31:57 +0000] "GET /feed/posts/?page=1 HTTP/1.1" 200 - "http://localhost:8080/feed" "Mozilla/5.0 (Windows NT 10.0; Win64; x64) AppleWebKit/537.36 (KHTML, like Gecko) Chrome/80.0.3987.87 Safari/537.36"
::1 - - [23/Feb/2020:17:31:57 +0000] "GET /images/user-images/default.png HTTP/1.1" 304 - "http://localhost:8080/feed" "Mozilla/5.0 (Windows NT 10.0; Win64; x64) AppleWebKit/537.36 (KHTML, like Gecko) Chrome/80.0.3987.87 Safari/537.36"
::1 - - [27/Apr/2020:23:50:11 +0000] "OPTIONS /feed/posts/?page=1 HTTP/1.1" 204 0 "http://localhost:8080/" "Mozilla/5.0 (Windows NT 10.0; Win64; x64) AppleWebKit/537.36 (KHTML, like Gecko) Chrome/81.0.4044.122 Safari/537.36"
::1 - - [27/Apr/2020:23:50:11 +0000] "GET /feed/posts/?page=1 HTTP/1.1" 500 31 "http://localhost:8080/" "Mozilla/5.0 (Windows NT 10.0; Win64; x64) AppleWebKit/537.36 (KHTML, like Gecko) Chrome/81.0.4044.122 Safari/537.36"
::1 - - [27/Apr/2020:23:57:05 +0000] "OPTIONS /auth/login HTTP/1.1" 204 0 "http://localhost:8080/login" "Mozilla/5.0 (Windows NT 10.0; Win64; x64) AppleWebKit/537.36 (KHTML, like Gecko) Chrome/81.0.4044.122 Safari/537.36"
::1 - - [27/Apr/2020:23:57:06 +0000] "POST /auth/login HTTP/1.1" 401 33 "http://localhost:8080/login" "Mozilla/5.0 (Windows NT 10.0; Win64; x64) AppleWebKit/537.36 (KHTML, like Gecko) Chrome/81.0.4044.122 Safari/537.36"
::1 - - [27/Apr/2020:23:57:08 +0000] "POST /auth/login HTTP/1.1" 401 33 "http://localhost:8080/login" "Mozilla/5.0 (Windows NT 10.0; Win64; x64) AppleWebKit/537.36 (KHTML, like Gecko) Chrome/81.0.4044.122 Safari/537.36"
::1 - - [28/Apr/2020:00:10:52 +0000] "OPTIONS /auth/login HTTP/1.1" 204 0 "http://localhost:8080/login" "Mozilla/5.0 (Windows NT 10.0; Win64; x64) AppleWebKit/537.36 (KHTML, like Gecko) Chrome/81.0.4044.122 Safari/537.36"
::1 - - [28/Apr/2020:00:10:53 +0000] "POST /auth/login HTTP/1.1" 200 264 "http://localhost:8080/login" "Mozilla/5.0 (Windows NT 10.0; Win64; x64) AppleWebKit/537.36 (KHTML, like Gecko) Chrome/81.0.4044.122 Safari/537.36"
::1 - - [28/Apr/2020:00:10:55 +0000] "OPTIONS /feed/posts/?page=1 HTTP/1.1" 204 0 "http://localhost:8080/feed" "Mozilla/5.0 (Windows NT 10.0; Win64; x64) AppleWebKit/537.36 (KHTML, like Gecko) Chrome/81.0.4044.122 Safari/537.36"
::1 - - [28/Apr/2020:00:10:55 +0000] "GET /feed/posts/?page=1 HTTP/1.1" 200 - "http://localhost:8080/feed" "Mozilla/5.0 (Windows NT 10.0; Win64; x64) AppleWebKit/537.36 (KHTML, like Gecko) Chrome/81.0.4044.122 Safari/537.36"
::1 - - [28/Apr/2020:00:10:55 +0000] "GET /images/user-images/default.png HTTP/1.1" 200 5929 "http://localhost:8080/feed" "Mozilla/5.0 (Windows NT 10.0; Win64; x64) AppleWebKit/537.36 (KHTML, like Gecko) Chrome/81.0.4044.122 Safari/537.36"
::1 - - [28/Apr/2020:00:21:04 +0000] "OPTIONS /feed/posts/?page=1 HTTP/1.1" 204 0 "http://localhost:8080/feed" "Mozilla/5.0 (Windows NT 10.0; Win64; x64) AppleWebKit/537.36 (KHTML, like Gecko) Chrome/81.0.4044.122 Safari/537.36"
::1 - - [28/Apr/2020:00:21:04 +0000] "GET /feed/posts/?page=1 HTTP/1.1" 200 - "http://localhost:8080/feed" "Mozilla/5.0 (Windows NT 10.0; Win64; x64) AppleWebKit/537.36 (KHTML, like Gecko) Chrome/81.0.4044.122 Safari/537.36"
::1 - - [28/Apr/2020:00:21:16 +0000] "OPTIONS /user/profile/5ea624589ef8ac03277b7043 HTTP/1.1" 204 0 "http://localhost:8080/profile/5ea624589ef8ac03277b7043" "Mozilla/5.0 (Windows NT 10.0; Win64; x64) AppleWebKit/537.36 (KHTML, like Gecko) Chrome/81.0.4044.122 Safari/537.36"
::1 - - [28/Apr/2020:00:21:16 +0000] "GET /user/profile/5ea624589ef8ac03277b7043 HTTP/1.1" 200 547 "http://localhost:8080/profile/5ea624589ef8ac03277b7043" "Mozilla/5.0 (Windows NT 10.0; Win64; x64) AppleWebKit/537.36 (KHTML, like Gecko) Chrome/81.0.4044.122 Safari/537.36"
::1 - - [28/Apr/2020:00:21:16 +0000] "GET /images/user-images/default.png HTTP/1.1" 304 - "http://localhost:8080/profile/5ea624589ef8ac03277b7043" "Mozilla/5.0 (Windows NT 10.0; Win64; x64) AppleWebKit/537.36 (KHTML, like Gecko) Chrome/81.0.4044.122 Safari/537.36"
::1 - - [28/Apr/2020:00:22:03 +0000] "OPTIONS /user/profile/5ea624589ef8ac03277b7043 HTTP/1.1" 204 0 "http://localhost:8080/profile/5ea624589ef8ac03277b7043" "Mozilla/5.0 (Windows NT 10.0; Win64; x64) AppleWebKit/537.36 (KHTML, like Gecko) Chrome/81.0.4044.122 Safari/537.36"
::1 - - [28/Apr/2020:00:22:03 +0000] "GET /user/profile/5ea624589ef8ac03277b7043 HTTP/1.1" 304 - "http://localhost:8080/profile/5ea624589ef8ac03277b7043" "Mozilla/5.0 (Windows NT 10.0; Win64; x64) AppleWebKit/537.36 (KHTML, like Gecko) Chrome/81.0.4044.122 Safari/537.36"
::1 - - [28/Apr/2020:00:22:34 +0000] "OPTIONS /feed/posts/?page=1 HTTP/1.1" 204 0 "http://localhost:8080/feed" "Mozilla/5.0 (Windows NT 10.0; Win64; x64) AppleWebKit/537.36 (KHTML, like Gecko) Chrome/81.0.4044.122 Safari/537.36"
::1 - - [28/Apr/2020:00:22:35 +0000] "GET /feed/posts/?page=1 HTTP/1.1" 304 - "http://localhost:8080/feed" "Mozilla/5.0 (Windows NT 10.0; Win64; x64) AppleWebKit/537.36 (KHTML, like Gecko) Chrome/81.0.4044.122 Safari/537.36"
::1 - - [28/Apr/2020:00:22:37 +0000] "OPTIONS /user/profile/5ea1db3141058107eff75229 HTTP/1.1" 204 0 "http://localhost:8080/profile/5ea1db3141058107eff75229" "Mozilla/5.0 (Windows NT 10.0; Win64; x64) AppleWebKit/537.36 (KHTML, like Gecko) Chrome/81.0.4044.122 Safari/537.36"
::1 - - [28/Apr/2020:00:22:37 +0000] "GET /user/profile/5ea1db3141058107eff75229 HTTP/1.1" 200 - "http://localhost:8080/profile/5ea1db3141058107eff75229" "Mozilla/5.0 (Windows NT 10.0; Win64; x64) AppleWebKit/537.36 (KHTML, like Gecko) Chrome/81.0.4044.122 Safari/537.36"
::1 - - [28/Apr/2020:00:23:04 +0000] "OPTIONS /user/profile/5ea1db3141058107eff75229 HTTP/1.1" 204 0 "http://localhost:8080/profile/5ea1db3141058107eff75229" "Mozilla/5.0 (Windows NT 10.0; Win64; x64) AppleWebKit/537.36 (KHTML, like Gecko) Chrome/81.0.4044.122 Safari/537.36"
::1 - - [28/Apr/2020:00:23:04 +0000] "GET /user/profile/5ea1db3141058107eff75229 HTTP/1.1" 304 - "http://localhost:8080/profile/5ea1db3141058107eff75229" "Mozilla/5.0 (Windows NT 10.0; Win64; x64) AppleWebKit/537.36 (KHTML, like Gecko) Chrome/81.0.4044.122 Safari/537.36"
::1 - - [28/Apr/2020:00:23:12 +0000] "OPTIONS /user/profile/5ea1db3141058107eff75229 HTTP/1.1" 204 0 "http://localhost:8080/profile/5ea1db3141058107eff75229" "Mozilla/5.0 (Windows NT 10.0; Win64; x64) AppleWebKit/537.36 (KHTML, like Gecko) Chrome/81.0.4044.122 Safari/537.36"
::1 - - [28/Apr/2020:00:23:12 +0000] "GET /user/profile/5ea1db3141058107eff75229 HTTP/1.1" 304 - "http://localhost:8080/profile/5ea1db3141058107eff75229" "Mozilla/5.0 (Windows NT 10.0; Win64; x64) AppleWebKit/537.36 (KHTML, like Gecko) Chrome/81.0.4044.122 Safari/537.36"
::1 - - [28/Apr/2020:00:23:23 +0000] "OPTIONS /user/profile/5ea1db3141058107eff75229 HTTP/1.1" 204 0 "http://localhost:8080/profile/5ea1db3141058107eff75229" "Mozilla/5.0 (Windows NT 10.0; Win64; x64) AppleWebKit/537.36 (KHTML, like Gecko) Chrome/81.0.4044.122 Safari/537.36"
::1 - - [28/Apr/2020:00:23:23 +0000] "GET /user/profile/5ea1db3141058107eff75229 HTTP/1.1" 304 - "http://localhost:8080/profile/5ea1db3141058107eff75229" "Mozilla/5.0 (Windows NT 10.0; Win64; x64) AppleWebKit/537.36 (KHTML, like Gecko) Chrome/81.0.4044.122 Safari/537.36"
::1 - - [28/Apr/2020:00:25:24 +0000] "OPTIONS /user/profile/5ea1db3141058107eff75229 HTTP/1.1" 204 0 "http://localhost:8080/profile/5ea1db3141058107eff75229" "Mozilla/5.0 (Windows NT 10.0; Win64; x64) AppleWebKit/537.36 (KHTML, like Gecko) Chrome/81.0.4044.122 Safari/537.36"
::1 - - [28/Apr/2020:00:25:24 +0000] "GET /user/profile/5ea1db3141058107eff75229 HTTP/1.1" 304 - "http://localhost:8080/profile/5ea1db3141058107eff75229" "Mozilla/5.0 (Windows NT 10.0; Win64; x64) AppleWebKit/537.36 (KHTML, like Gecko) Chrome/81.0.4044.122 Safari/537.36"
::1 - - [28/Apr/2020:00:25:31 +0000] "OPTIONS /user/profile/5ea1db3141058107eff75229 HTTP/1.1" 204 0 "http://localhost:8080/profile/5ea1db3141058107eff75229" "Mozilla/5.0 (Windows NT 10.0; Win64; x64) AppleWebKit/537.36 (KHTML, like Gecko) Chrome/81.0.4044.122 Safari/537.36"
::1 - - [28/Apr/2020:00:25:31 +0000] "GET /user/profile/5ea1db3141058107eff75229 HTTP/1.1" 304 - "http://localhost:8080/profile/5ea1db3141058107eff75229" "Mozilla/5.0 (Windows NT 10.0; Win64; x64) AppleWebKit/537.36 (KHTML, like Gecko) Chrome/81.0.4044.122 Safari/537.36"
::1 - - [28/Apr/2020:00:26:05 +0000] "OPTIONS /user/profile/5ea1db3141058107eff75229 HTTP/1.1" 204 0 "http://localhost:8080/profile/5ea1db3141058107eff75229" "Mozilla/5.0 (Windows NT 10.0; Win64; x64) AppleWebKit/537.36 (KHTML, like Gecko) Chrome/81.0.4044.122 Safari/537.36"
::1 - - [28/Apr/2020:00:26:06 +0000] "GET /user/profile/5ea1db3141058107eff75229 HTTP/1.1" 304 - "http://localhost:8080/profile/5ea1db3141058107eff75229" "Mozilla/5.0 (Windows NT 10.0; Win64; x64) AppleWebKit/537.36 (KHTML, like Gecko) Chrome/81.0.4044.122 Safari/537.36"
::1 - - [28/Apr/2020:00:28:21 +0000] "OPTIONS /user/profile/5ea1db3141058107eff75229 HTTP/1.1" 204 0 "http://localhost:8080/profile/5ea1db3141058107eff75229" "Mozilla/5.0 (Windows NT 10.0; Win64; x64) AppleWebKit/537.36 (KHTML, like Gecko) Chrome/81.0.4044.122 Safari/537.36"
::1 - - [28/Apr/2020:00:28:22 +0000] "GET /user/profile/5ea1db3141058107eff75229 HTTP/1.1" 200 - "http://localhost:8080/profile/5ea1db3141058107eff75229" "Mozilla/5.0 (Windows NT 10.0; Win64; x64) AppleWebKit/537.36 (KHTML, like Gecko) Chrome/81.0.4044.122 Safari/537.36"
::1 - - [28/Apr/2020:00:28:24 +0000] "OPTIONS /user/profile/5ea624589ef8ac03277b7043 HTTP/1.1" 204 0 "http://localhost:8080/profile/5ea624589ef8ac03277b7043" "Mozilla/5.0 (Windows NT 10.0; Win64; x64) AppleWebKit/537.36 (KHTML, like Gecko) Chrome/81.0.4044.122 Safari/537.36"
::1 - - [28/Apr/2020:00:28:24 +0000] "GET /user/profile/5ea624589ef8ac03277b7043 HTTP/1.1" 200 609 "http://localhost:8080/profile/5ea624589ef8ac03277b7043" "Mozilla/5.0 (Windows NT 10.0; Win64; x64) AppleWebKit/537.36 (KHTML, like Gecko) Chrome/81.0.4044.122 Safari/537.36"
::1 - - [28/Apr/2020:00:29:27 +0000] "OPTIONS /user/profile/5ea624589ef8ac03277b7043 HTTP/1.1" 204 0 "http://localhost:8080/profile/5ea624589ef8ac03277b7043" "Mozilla/5.0 (Windows NT 10.0; Win64; x64) AppleWebKit/537.36 (KHTML, like Gecko) Chrome/81.0.4044.122 Safari/537.36"
::1 - - [28/Apr/2020:00:29:27 +0000] "GET /user/profile/5ea624589ef8ac03277b7043 HTTP/1.1" 304 - "http://localhost:8080/profile/5ea624589ef8ac03277b7043" "Mozilla/5.0 (Windows NT 10.0; Win64; x64) AppleWebKit/537.36 (KHTML, like Gecko) Chrome/81.0.4044.122 Safari/537.36"
::1 - - [28/Apr/2020:00:29:36 +0000] "OPTIONS /user/profile/5ea624589ef8ac03277b7043 HTTP/1.1" 204 0 "http://localhost:8080/profile/5ea624589ef8ac03277b7043" "Mozilla/5.0 (Windows NT 10.0; Win64; x64) AppleWebKit/537.36 (KHTML, like Gecko) Chrome/81.0.4044.122 Safari/537.36"
::1 - - [28/Apr/2020:00:29:36 +0000] "GET /user/profile/5ea624589ef8ac03277b7043 HTTP/1.1" 304 - "http://localhost:8080/profile/5ea624589ef8ac03277b7043" "Mozilla/5.0 (Windows NT 10.0; Win64; x64) AppleWebKit/537.36 (KHTML, like Gecko) Chrome/81.0.4044.122 Safari/537.36"
::1 - - [28/Apr/2020:00:30:10 +0000] "OPTIONS /user/profile/5ea624589ef8ac03277b7043 HTTP/1.1" 204 0 "http://localhost:8080/profile/5ea624589ef8ac03277b7043" "Mozilla/5.0 (Windows NT 10.0; Win64; x64) AppleWebKit/537.36 (KHTML, like Gecko) Chrome/81.0.4044.122 Safari/537.36"
::1 - - [28/Apr/2020:00:30:10 +0000] "GET /user/profile/5ea624589ef8ac03277b7043 HTTP/1.1" 304 - "http://localhost:8080/profile/5ea624589ef8ac03277b7043" "Mozilla/5.0 (Windows NT 10.0; Win64; x64) AppleWebKit/537.36 (KHTML, like Gecko) Chrome/81.0.4044.122 Safari/537.36"
::1 - - [28/Apr/2020:00:30:59 +0000] "OPTIONS /user/profile/5ea624589ef8ac03277b7043 HTTP/1.1" 204 0 "http://localhost:8080/profile/5ea624589ef8ac03277b7043" "Mozilla/5.0 (Windows NT 10.0; Win64; x64) AppleWebKit/537.36 (KHTML, like Gecko) Chrome/81.0.4044.122 Safari/537.36"
::1 - - [28/Apr/2020:00:30:59 +0000] "GET /user/profile/5ea624589ef8ac03277b7043 HTTP/1.1" 304 - "http://localhost:8080/profile/5ea624589ef8ac03277b7043" "Mozilla/5.0 (Windows NT 10.0; Win64; x64) AppleWebKit/537.36 (KHTML, like Gecko) Chrome/81.0.4044.122 Safari/537.36"
::1 - - [28/Apr/2020:00:32:33 +0000] "OPTIONS /user/profile/5ea624589ef8ac03277b7043 HTTP/1.1" 204 0 "http://localhost:8080/profile/5ea624589ef8ac03277b7043" "Mozilla/5.0 (Windows NT 10.0; Win64; x64) AppleWebKit/537.36 (KHTML, like Gecko) Chrome/81.0.4044.122 Safari/537.36"
::1 - - [28/Apr/2020:00:32:33 +0000] "GET /user/profile/5ea624589ef8ac03277b7043 HTTP/1.1" 304 - "http://localhost:8080/profile/5ea624589ef8ac03277b7043" "Mozilla/5.0 (Windows NT 10.0; Win64; x64) AppleWebKit/537.36 (KHTML, like Gecko) Chrome/81.0.4044.122 Safari/537.36"
::1 - - [28/Apr/2020:00:37:07 +0000] "OPTIONS /user/profile/5ea624589ef8ac03277b7043 HTTP/1.1" 204 0 "http://localhost:8080/profile/5ea624589ef8ac03277b7043" "Mozilla/5.0 (Windows NT 10.0; Win64; x64) AppleWebKit/537.36 (KHTML, like Gecko) Chrome/81.0.4044.122 Safari/537.36"
::1 - - [28/Apr/2020:00:37:08 +0000] "GET /user/profile/5ea624589ef8ac03277b7043 HTTP/1.1" 304 - "http://localhost:8080/profile/5ea624589ef8ac03277b7043" "Mozilla/5.0 (Windows NT 10.0; Win64; x64) AppleWebKit/537.36 (KHTML, like Gecko) Chrome/81.0.4044.122 Safari/537.36"
::1 - - [28/Apr/2020:00:37:11 +0000] "GET /user/profile/5ea624589ef8ac03277b7043 HTTP/1.1" 304 - "http://localhost:8080/profile/5ea624589ef8ac03277b7043" "Mozilla/5.0 (Windows NT 10.0; Win64; x64) AppleWebKit/537.36 (KHTML, like Gecko) Chrome/81.0.4044.122 Safari/537.36"
::1 - - [28/Apr/2020:00:46:35 +0000] "OPTIONS /user/profile/5ea624589ef8ac03277b7043 HTTP/1.1" 204 0 "http://localhost:8080/profile/5ea624589ef8ac03277b7043" "Mozilla/5.0 (Windows NT 10.0; Win64; x64) AppleWebKit/537.36 (KHTML, like Gecko) Chrome/81.0.4044.122 Safari/537.36"
::1 - - [28/Apr/2020:00:46:35 +0000] "POST /user/profile/5ea624589ef8ac03277b7043 HTTP/1.1" 404 177 "http://localhost:8080/profile/5ea624589ef8ac03277b7043" "Mozilla/5.0 (Windows NT 10.0; Win64; x64) AppleWebKit/537.36 (KHTML, like Gecko) Chrome/81.0.4044.122 Safari/537.36"
::1 - - [28/Apr/2020:00:46:39 +0000] "OPTIONS /user/profile/5ea624589ef8ac03277b7043 HTTP/1.1" 204 0 "http://localhost:8080/profile/5ea624589ef8ac03277b7043" "Mozilla/5.0 (Windows NT 10.0; Win64; x64) AppleWebKit/537.36 (KHTML, like Gecko) Chrome/81.0.4044.122 Safari/537.36"
::1 - - [28/Apr/2020:00:46:39 +0000] "POST /user/profile/5ea624589ef8ac03277b7043 HTTP/1.1" 404 177 "http://localhost:8080/profile/5ea624589ef8ac03277b7043" "Mozilla/5.0 (Windows NT 10.0; Win64; x64) AppleWebKit/537.36 (KHTML, like Gecko) Chrome/81.0.4044.122 Safari/537.36"
::1 - - [28/Apr/2020:00:48:07 +0000] "OPTIONS /user/profile/5ea624589ef8ac03277b7043 HTTP/1.1" 204 0 "http://localhost:8080/profile/5ea624589ef8ac03277b7043" "Mozilla/5.0 (Windows NT 10.0; Win64; x64) AppleWebKit/537.36 (KHTML, like Gecko) Chrome/81.0.4044.122 Safari/537.36"
::1 - - [28/Apr/2020:00:48:07 +0000] "POST /user/profile/5ea624589ef8ac03277b7043 HTTP/1.1" 404 177 "http://localhost:8080/profile/5ea624589ef8ac03277b7043" "Mozilla/5.0 (Windows NT 10.0; Win64; x64) AppleWebKit/537.36 (KHTML, like Gecko) Chrome/81.0.4044.122 Safari/537.36"
::1 - - [28/Apr/2020:00:48:25 +0000] "OPTIONS /auth/login HTTP/1.1" 204 0 "http://localhost:8080/login" "Mozilla/5.0 (Windows NT 10.0; Win64; x64) AppleWebKit/537.36 (KHTML, like Gecko) Chrome/81.0.4044.122 Safari/537.36"
::1 - - [28/Apr/2020:00:48:26 +0000] "POST /auth/login HTTP/1.1" 200 264 "http://localhost:8080/login" "Mozilla/5.0 (Windows NT 10.0; Win64; x64) AppleWebKit/537.36 (KHTML, like Gecko) Chrome/81.0.4044.122 Safari/537.36"
::1 - - [28/Apr/2020:00:48:27 +0000] "OPTIONS /feed/posts/?page=1 HTTP/1.1" 204 0 "http://localhost:8080/feed" "Mozilla/5.0 (Windows NT 10.0; Win64; x64) AppleWebKit/537.36 (KHTML, like Gecko) Chrome/81.0.4044.122 Safari/537.36"
::1 - - [28/Apr/2020:00:48:27 +0000] "GET /feed/posts/?page=1 HTTP/1.1" 200 - "http://localhost:8080/feed" "Mozilla/5.0 (Windows NT 10.0; Win64; x64) AppleWebKit/537.36 (KHTML, like Gecko) Chrome/81.0.4044.122 Safari/537.36"
::1 - - [28/Apr/2020:00:48:29 +0000] "OPTIONS /user/profile/5ea624589ef8ac03277b7043 HTTP/1.1" 204 0 "http://localhost:8080/profile/5ea624589ef8ac03277b7043" "Mozilla/5.0 (Windows NT 10.0; Win64; x64) AppleWebKit/537.36 (KHTML, like Gecko) Chrome/81.0.4044.122 Safari/537.36"
::1 - - [28/Apr/2020:00:48:29 +0000] "POST /user/profile/5ea624589ef8ac03277b7043 HTTP/1.1" 404 177 "http://localhost:8080/profile/5ea624589ef8ac03277b7043" "Mozilla/5.0 (Windows NT 10.0; Win64; x64) AppleWebKit/537.36 (KHTML, like Gecko) Chrome/81.0.4044.122 Safari/537.36"
::1 - - [28/Apr/2020:00:48:45 +0000] "OPTIONS /user/profile/5ea624589ef8ac03277b7043 HTTP/1.1" 204 0 "http://localhost:8080/profile/5ea624589ef8ac03277b7043" "Mozilla/5.0 (Windows NT 10.0; Win64; x64) AppleWebKit/537.36 (KHTML, like Gecko) Chrome/81.0.4044.122 Safari/537.36"
::1 - - [28/Apr/2020:00:48:45 +0000] "POST /user/profile/5ea624589ef8ac03277b7043 HTTP/1.1" 404 177 "http://localhost:8080/profile/5ea624589ef8ac03277b7043" "Mozilla/5.0 (Windows NT 10.0; Win64; x64) AppleWebKit/537.36 (KHTML, like Gecko) Chrome/81.0.4044.122 Safari/537.36"
::1 - - [28/Apr/2020:00:50:52 +0000] "OPTIONS /user/profile/5ea624589ef8ac03277b7043 HTTP/1.1" 204 0 "http://localhost:8080/profile/5ea624589ef8ac03277b7043" "Mozilla/5.0 (Windows NT 10.0; Win64; x64) AppleWebKit/537.36 (KHTML, like Gecko) Chrome/81.0.4044.122 Safari/537.36"
::1 - - [28/Apr/2020:00:50:52 +0000] "POST /user/profile/5ea624589ef8ac03277b7043 HTTP/1.1" 404 177 "http://localhost:8080/profile/5ea624589ef8ac03277b7043" "Mozilla/5.0 (Windows NT 10.0; Win64; x64) AppleWebKit/537.36 (KHTML, like Gecko) Chrome/81.0.4044.122 Safari/537.36"
::1 - - [28/Apr/2020:00:55:01 +0000] "OPTIONS /feed/posts/?page=1 HTTP/1.1" 204 0 "http://localhost:8080/feed" "Mozilla/5.0 (Windows NT 10.0; Win64; x64) AppleWebKit/537.36 (KHTML, like Gecko) Chrome/81.0.4044.122 Safari/537.36"
::1 - - [28/Apr/2020:00:55:01 +0000] "GET /feed/posts/?page=1 HTTP/1.1" 304 - "http://localhost:8080/feed" "Mozilla/5.0 (Windows NT 10.0; Win64; x64) AppleWebKit/537.36 (KHTML, like Gecko) Chrome/81.0.4044.122 Safari/537.36"
::1 - - [28/Apr/2020:00:59:15 +0000] "GET /user/profile/5ea1db3141058107eff75229 HTTP/1.1" 401 32 "-" "Mozilla/5.0 (Windows NT 10.0; Win64; x64) AppleWebKit/537.36 (KHTML, like Gecko) Chrome/81.0.4044.122 Safari/537.36"
::1 - - [28/Apr/2020:00:59:16 +0000] "GET /favicon.ico HTTP/1.1" 404 150 "http://localhost:3000/user/profile/5ea1db3141058107eff75229" "Mozilla/5.0 (Windows NT 10.0; Win64; x64) AppleWebKit/537.36 (KHTML, like Gecko) Chrome/81.0.4044.122 Safari/537.36"
::1 - - [28/Apr/2020:00:59:50 +0000] "GET /user/profile/5ea1db3141058107eff75229 HTTP/1.1" 304 - "-" "Mozilla/5.0 (Windows NT 10.0; Win64; x64) AppleWebKit/537.36 (KHTML, like Gecko) Chrome/81.0.4044.122 Safari/537.36"
::1 - - [28/Apr/2020:00:59:50 +0000] "GET /favicon.ico HTTP/1.1" 404 150 "http://localhost:3000/user/profile/5ea1db3141058107eff75229" "Mozilla/5.0 (Windows NT 10.0; Win64; x64) AppleWebKit/537.36 (KHTML, like Gecko) Chrome/81.0.4044.122 Safari/537.36"
::1 - - [28/Apr/2020:03:06:58 +0000] "OPTIONS /feed/posts/?page=1 HTTP/1.1" 204 0 "http://localhost:8080/" "Mozilla/5.0 (Windows NT 10.0; Win64; x64) AppleWebKit/537.36 (KHTML, like Gecko) Chrome/81.0.4044.129 Safari/537.36"
::1 - - [28/Apr/2020:03:06:58 +0000] "GET /feed/posts/?page=1 HTTP/1.1" 500 25 "http://localhost:8080/" "Mozilla/5.0 (Windows NT 10.0; Win64; x64) AppleWebKit/537.36 (KHTML, like Gecko) Chrome/81.0.4044.129 Safari/537.36"
::1 - - [28/Apr/2020:03:07:13 +0000] "OPTIONS /auth/login HTTP/1.1" 204 0 "http://localhost:8080/login" "Mozilla/5.0 (Windows NT 10.0; Win64; x64) AppleWebKit/537.36 (KHTML, like Gecko) Chrome/81.0.4044.129 Safari/537.36"
::1 - - [28/Apr/2020:03:07:14 +0000] "POST /auth/login HTTP/1.1" 200 264 "http://localhost:8080/login" "Mozilla/5.0 (Windows NT 10.0; Win64; x64) AppleWebKit/537.36 (KHTML, like Gecko) Chrome/81.0.4044.129 Safari/537.36"
::1 - - [28/Apr/2020:03:07:15 +0000] "OPTIONS /feed/posts/?page=1 HTTP/1.1" 204 0 "http://localhost:8080/feed" "Mozilla/5.0 (Windows NT 10.0; Win64; x64) AppleWebKit/537.36 (KHTML, like Gecko) Chrome/81.0.4044.129 Safari/537.36"
::1 - - [28/Apr/2020:03:07:16 +0000] "GET /feed/posts/?page=1 HTTP/1.1" 200 - "http://localhost:8080/feed" "Mozilla/5.0 (Windows NT 10.0; Win64; x64) AppleWebKit/537.36 (KHTML, like Gecko) Chrome/81.0.4044.129 Safari/537.36"
::1 - - [28/Apr/2020:03:09:58 +0000] "OPTIONS /feed/posts/?page=1 HTTP/1.1" 204 0 "http://localhost:8080/feed" "Mozilla/5.0 (Windows NT 10.0; Win64; x64) AppleWebKit/537.36 (KHTML, like Gecko) Chrome/81.0.4044.129 Safari/537.36"
::1 - - [28/Apr/2020:03:09:58 +0000] "GET /feed/posts/?page=1 HTTP/1.1" 304 - "http://localhost:8080/feed" "Mozilla/5.0 (Windows NT 10.0; Win64; x64) AppleWebKit/537.36 (KHTML, like Gecko) Chrome/81.0.4044.129 Safari/537.36"
::1 - - [28/Apr/2020:03:10:22 +0000] "OPTIONS /auth/login HTTP/1.1" 204 0 "http://localhost:8080/login" "Mozilla/5.0 (Windows NT 10.0; Win64; x64) AppleWebKit/537.36 (KHTML, like Gecko) Chrome/81.0.4044.129 Safari/537.36"
::1 - - [28/Apr/2020:03:10:22 +0000] "POST /auth/login HTTP/1.1" 401 33 "http://localhost:8080/login" "Mozilla/5.0 (Windows NT 10.0; Win64; x64) AppleWebKit/537.36 (KHTML, like Gecko) Chrome/81.0.4044.129 Safari/537.36"
::1 - - [28/Apr/2020:03:10:29 +0000] "OPTIONS /auth/login HTTP/1.1" 204 0 "http://localhost:8080/login" "Mozilla/5.0 (Windows NT 10.0; Win64; x64) AppleWebKit/537.36 (KHTML, like Gecko) Chrome/81.0.4044.129 Safari/537.36"
::1 - - [28/Apr/2020:03:10:30 +0000] "POST /auth/login HTTP/1.1" 200 264 "http://localhost:8080/login" "Mozilla/5.0 (Windows NT 10.0; Win64; x64) AppleWebKit/537.36 (KHTML, like Gecko) Chrome/81.0.4044.129 Safari/537.36"
::1 - - [28/Apr/2020:03:10:31 +0000] "OPTIONS /feed/posts/?page=1 HTTP/1.1" 204 0 "http://localhost:8080/feed" "Mozilla/5.0 (Windows NT 10.0; Win64; x64) AppleWebKit/537.36 (KHTML, like Gecko) Chrome/81.0.4044.129 Safari/537.36"
::1 - - [28/Apr/2020:03:10:31 +0000] "GET /feed/posts/?page=1 HTTP/1.1" 304 - "http://localhost:8080/feed" "Mozilla/5.0 (Windows NT 10.0; Win64; x64) AppleWebKit/537.36 (KHTML, like Gecko) Chrome/81.0.4044.129 Safari/537.36"
::1 - - [28/Apr/2020:03:20:12 +0000] "OPTIONS /feed/posts/?page=1 HTTP/1.1" 204 0 "http://localhost:8080/feed" "Mozilla/5.0 (Windows NT 10.0; Win64; x64) AppleWebKit/537.36 (KHTML, like Gecko) Chrome/81.0.4044.129 Safari/537.36"
::1 - - [28/Apr/2020:03:20:12 +0000] "GET /feed/posts/?page=1 HTTP/1.1" 304 - "http://localhost:8080/feed" "Mozilla/5.0 (Windows NT 10.0; Win64; x64) AppleWebKit/537.36 (KHTML, like Gecko) Chrome/81.0.4044.129 Safari/537.36"
::1 - - [28/Apr/2020:03:20:17 +0000] "GET /feed/posts/?page=1 HTTP/1.1" 304 - "http://localhost:8080/feed" "Mozilla/5.0 (Windows NT 10.0; Win64; x64) AppleWebKit/537.36 (KHTML, like Gecko) Chrome/81.0.4044.129 Safari/537.36"
::1 - - [28/Apr/2020:03:20:19 +0000] "OPTIONS /feed/posts/?page=1 HTTP/1.1" 204 0 "http://localhost:8080/feed" "Mozilla/5.0 (Windows NT 10.0; Win64; x64) AppleWebKit/537.36 (KHTML, like Gecko) Chrome/81.0.4044.129 Safari/537.36"
::1 - - [28/Apr/2020:03:20:19 +0000] "GET /feed/posts/?page=1 HTTP/1.1" 304 - "http://localhost:8080/feed" "Mozilla/5.0 (Windows NT 10.0; Win64; x64) AppleWebKit/537.36 (KHTML, like Gecko) Chrome/81.0.4044.129 Safari/537.36"
::1 - - [28/Apr/2020:03:29:22 +0000] "GET /user/profile/5ea624589ef8ac03277b7043 HTTP/1.1" 200 474 "-" "Mozilla/5.0 (Windows NT 10.0; Win64; x64) AppleWebKit/537.36 (KHTML, like Gecko) Chrome/81.0.4044.129 Safari/537.36"
::1 - - [28/Apr/2020:03:29:22 +0000] "GET /favicon.ico HTTP/1.1" 404 150 "http://localhost:3000/user/profile/5ea624589ef8ac03277b7043" "Mozilla/5.0 (Windows NT 10.0; Win64; x64) AppleWebKit/537.36 (KHTML, like Gecko) Chrome/81.0.4044.129 Safari/537.36"
::1 - - [28/Apr/2020:03:29:42 +0000] "GET /user/profile/5ea624589ef8ac03277b7043 HTTP/1.1" 200 474 "-" "PostmanRuntime/7.24.1"
::1 - - [28/Apr/2020:03:34:12 +0000] "GET /user/profile/5ea624589ef8ac03277b7043 HTTP/1.1" 304 - "-" "Mozilla/5.0 (Windows NT 10.0; Win64; x64) AppleWebKit/537.36 (KHTML, like Gecko) Chrome/81.0.4044.129 Safari/537.36"
::1 - - [28/Apr/2020:03:34:12 +0000] "GET /favicon.ico HTTP/1.1" 404 150 "http://localhost:3000/user/profile/5ea624589ef8ac03277b7043" "Mozilla/5.0 (Windows NT 10.0; Win64; x64) AppleWebKit/537.36 (KHTML, like Gecko) Chrome/81.0.4044.129 Safari/537.36"
::1 - - [28/Apr/2020:03:38:43 +0000] "OPTIONS /user/profile/5ea624589ef8ac03277b7043 HTTP/1.1" 204 0 "http://localhost:8080/profile/5ea624589ef8ac03277b7043" "Mozilla/5.0 (Windows NT 10.0; Win64; x64) AppleWebKit/537.36 (KHTML, like Gecko) Chrome/81.0.4044.129 Safari/537.36"
::1 - - [28/Apr/2020:03:38:44 +0000] "GET /user/profile/5ea624589ef8ac03277b7043 HTTP/1.1" 304 - "http://localhost:8080/profile/5ea624589ef8ac03277b7043" "Mozilla/5.0 (Windows NT 10.0; Win64; x64) AppleWebKit/537.36 (KHTML, like Gecko) Chrome/81.0.4044.129 Safari/537.36"
::1 - - [28/Apr/2020:03:38:53 +0000] "OPTIONS /user/profile/5ea624589ef8ac03277b7043 HTTP/1.1" 204 0 "http://localhost:8080/profile/5ea624589ef8ac03277b7043" "Mozilla/5.0 (Windows NT 10.0; Win64; x64) AppleWebKit/537.36 (KHTML, like Gecko) Chrome/81.0.4044.129 Safari/537.36"
::1 - - [28/Apr/2020:03:38:54 +0000] "GET /user/profile/5ea624589ef8ac03277b7043 HTTP/1.1" 200 474 "http://localhost:8080/profile/5ea624589ef8ac03277b7043" "Mozilla/5.0 (Windows NT 10.0; Win64; x64) AppleWebKit/537.36 (KHTML, like Gecko) Chrome/81.0.4044.129 Safari/537.36"
::1 - - [28/Apr/2020:03:43:06 +0000] "OPTIONS /auth/login HTTP/1.1" 204 0 "http://localhost:8080/login" "Mozilla/5.0 (Windows NT 10.0; Win64; x64) AppleWebKit/537.36 (KHTML, like Gecko) Chrome/81.0.4044.129 Safari/537.36"
::1 - - [28/Apr/2020:03:43:07 +0000] "POST /auth/login HTTP/1.1" 200 264 "http://localhost:8080/login" "Mozilla/5.0 (Windows NT 10.0; Win64; x64) AppleWebKit/537.36 (KHTML, like Gecko) Chrome/81.0.4044.129 Safari/537.36"
::1 - - [28/Apr/2020:03:43:09 +0000] "OPTIONS /feed/posts/?page=1 HTTP/1.1" 204 0 "http://localhost:8080/feed" "Mozilla/5.0 (Windows NT 10.0; Win64; x64) AppleWebKit/537.36 (KHTML, like Gecko) Chrome/81.0.4044.129 Safari/537.36"
::1 - - [28/Apr/2020:03:43:10 +0000] "GET /feed/posts/?page=1 HTTP/1.1" 304 - "http://localhost:8080/feed" "Mozilla/5.0 (Windows NT 10.0; Win64; x64) AppleWebKit/537.36 (KHTML, like Gecko) Chrome/81.0.4044.129 Safari/537.36"
::1 - - [28/Apr/2020:03:43:11 +0000] "OPTIONS /user/profile/5ea624589ef8ac03277b7043 HTTP/1.1" 204 0 "http://localhost:8080/profile/5ea624589ef8ac03277b7043" "Mozilla/5.0 (Windows NT 10.0; Win64; x64) AppleWebKit/537.36 (KHTML, like Gecko) Chrome/81.0.4044.129 Safari/537.36"
::1 - - [28/Apr/2020:03:43:11 +0000] "GET /user/profile/5ea624589ef8ac03277b7043 HTTP/1.1" 304 - "http://localhost:8080/profile/5ea624589ef8ac03277b7043" "Mozilla/5.0 (Windows NT 10.0; Win64; x64) AppleWebKit/537.36 (KHTML, like Gecko) Chrome/81.0.4044.129 Safari/537.36"
::1 - - [28/Apr/2020:03:43:44 +0000] "OPTIONS /user/profile/5ea624589ef8ac03277b7043 HTTP/1.1" 204 0 "http://localhost:8080/profile/5ea624589ef8ac03277b7043" "Mozilla/5.0 (Windows NT 10.0; Win64; x64) AppleWebKit/537.36 (KHTML, like Gecko) Chrome/81.0.4044.129 Safari/537.36"
::1 - - [28/Apr/2020:03:43:45 +0000] "GET /user/profile/5ea624589ef8ac03277b7043 HTTP/1.1" 200 474 "http://localhost:8080/profile/5ea624589ef8ac03277b7043" "Mozilla/5.0 (Windows NT 10.0; Win64; x64) AppleWebKit/537.36 (KHTML, like Gecko) Chrome/81.0.4044.129 Safari/537.36"
::1 - - [28/Apr/2020:03:45:07 +0000] "OPTIONS /user/profile/5ea624589ef8ac03277b7043 HTTP/1.1" 204 0 "http://localhost:8080/profile/5ea624589ef8ac03277b7043" "Mozilla/5.0 (Windows NT 10.0; Win64; x64) AppleWebKit/537.36 (KHTML, like Gecko) Chrome/81.0.4044.129 Safari/537.36"
::1 - - [28/Apr/2020:03:45:07 +0000] "GET /user/profile/5ea624589ef8ac03277b7043 HTTP/1.1" 200 474 "http://localhost:8080/profile/5ea624589ef8ac03277b7043" "Mozilla/5.0 (Windows NT 10.0; Win64; x64) AppleWebKit/537.36 (KHTML, like Gecko) Chrome/81.0.4044.129 Safari/537.36"
::1 - - [28/Apr/2020:03:45:19 +0000] "OPTIONS /feed/posts/?page=1 HTTP/1.1" 204 0 "http://localhost:8080/feed" "Mozilla/5.0 (Windows NT 10.0; Win64; x64) AppleWebKit/537.36 (KHTML, like Gecko) Chrome/81.0.4044.129 Safari/537.36"
::1 - - [28/Apr/2020:03:45:19 +0000] "GET /feed/posts/?page=1 HTTP/1.1" 304 - "http://localhost:8080/feed" "Mozilla/5.0 (Windows NT 10.0; Win64; x64) AppleWebKit/537.36 (KHTML, like Gecko) Chrome/81.0.4044.129 Safari/537.36"
::1 - - [28/Apr/2020:03:45:22 +0000] "OPTIONS /user/profile/5ea1db3141058107eff75229 HTTP/1.1" 204 0 "http://localhost:8080/profile/5ea1db3141058107eff75229" "Mozilla/5.0 (Windows NT 10.0; Win64; x64) AppleWebKit/537.36 (KHTML, like Gecko) Chrome/81.0.4044.129 Safari/537.36"
::1 - - [28/Apr/2020:03:45:23 +0000] "GET /user/profile/5ea1db3141058107eff75229 HTTP/1.1" 200 - "http://localhost:8080/profile/5ea1db3141058107eff75229" "Mozilla/5.0 (Windows NT 10.0; Win64; x64) AppleWebKit/537.36 (KHTML, like Gecko) Chrome/81.0.4044.129 Safari/537.36"
::1 - - [28/Apr/2020:03:48:45 +0000] "OPTIONS /user/profile/5ea1db3141058107eff75229 HTTP/1.1" 204 0 "http://localhost:8080/profile/5ea1db3141058107eff75229" "Mozilla/5.0 (Windows NT 10.0; Win64; x64) AppleWebKit/537.36 (KHTML, like Gecko) Chrome/81.0.4044.129 Safari/537.36"
::1 - - [28/Apr/2020:03:48:45 +0000] "GET /user/profile/5ea1db3141058107eff75229 HTTP/1.1" 200 - "http://localhost:8080/profile/5ea1db3141058107eff75229" "Mozilla/5.0 (Windows NT 10.0; Win64; x64) AppleWebKit/537.36 (KHTML, like Gecko) Chrome/81.0.4044.129 Safari/537.36"
::1 - - [28/Apr/2020:03:48:50 +0000] "OPTIONS /feed/posts/?page=1 HTTP/1.1" 204 0 "http://localhost:8080/feed" "Mozilla/5.0 (Windows NT 10.0; Win64; x64) AppleWebKit/537.36 (KHTML, like Gecko) Chrome/81.0.4044.129 Safari/537.36"
::1 - - [28/Apr/2020:03:48:50 +0000] "GET /feed/posts/?page=1 HTTP/1.1" 304 - "http://localhost:8080/feed" "Mozilla/5.0 (Windows NT 10.0; Win64; x64) AppleWebKit/537.36 (KHTML, like Gecko) Chrome/81.0.4044.129 Safari/537.36"
::1 - - [28/Apr/2020:03:51:36 +0000] "OPTIONS /feed/posts HTTP/1.1" 204 0 "http://localhost:8080/feed" "Mozilla/5.0 (Windows NT 10.0; Win64; x64) AppleWebKit/537.36 (KHTML, like Gecko) Chrome/81.0.4044.129 Safari/537.36"
::1 - - [28/Apr/2020:03:51:37 +0000] "POST /feed/posts HTTP/1.1" 201 311 "http://localhost:8080/feed" "Mozilla/5.0 (Windows NT 10.0; Win64; x64) AppleWebKit/537.36 (KHTML, like Gecko) Chrome/81.0.4044.129 Safari/537.36"
::1 - - [28/Apr/2020:03:51:39 +0000] "OPTIONS /feed/post/5ea7a848d4dc9a06ca0cc36c HTTP/1.1" 204 0 "http://localhost:8080/feed" "Mozilla/5.0 (Windows NT 10.0; Win64; x64) AppleWebKit/537.36 (KHTML, like Gecko) Chrome/81.0.4044.129 Safari/537.36"
::1 - - [28/Apr/2020:03:51:39 +0000] "DELETE /feed/post/5ea7a848d4dc9a06ca0cc36c HTTP/1.1" 200 27 "http://localhost:8080/feed" "Mozilla/5.0 (Windows NT 10.0; Win64; x64) AppleWebKit/537.36 (KHTML, like Gecko) Chrome/81.0.4044.129 Safari/537.36"
::1 - - [28/Apr/2020:03:51:40 +0000] "DELETE /feed/post/5ea7a848d4dc9a06ca0cc36c HTTP/1.1" 404 33 "http://localhost:8080/feed" "Mozilla/5.0 (Windows NT 10.0; Win64; x64) AppleWebKit/537.36 (KHTML, like Gecko) Chrome/81.0.4044.129 Safari/537.36"
::1 - - [28/Apr/2020:03:51:40 +0000] "DELETE /feed/post/5ea7a848d4dc9a06ca0cc36c HTTP/1.1" 404 33 "http://localhost:8080/feed" "Mozilla/5.0 (Windows NT 10.0; Win64; x64) AppleWebKit/537.36 (KHTML, like Gecko) Chrome/81.0.4044.129 Safari/537.36"
::1 - - [28/Apr/2020:03:51:42 +0000] "DELETE /feed/post/5ea7a848d4dc9a06ca0cc36c HTTP/1.1" 404 33 "http://localhost:8080/feed" "Mozilla/5.0 (Windows NT 10.0; Win64; x64) AppleWebKit/537.36 (KHTML, like Gecko) Chrome/81.0.4044.129 Safari/537.36"
::1 - - [28/Apr/2020:03:51:52 +0000] "OPTIONS /feed/posts/?page=1 HTTP/1.1" 204 0 "http://localhost:8080/feed" "Mozilla/5.0 (Windows NT 10.0; Win64; x64) AppleWebKit/537.36 (KHTML, like Gecko) Chrome/81.0.4044.129 Safari/537.36"
::1 - - [28/Apr/2020:03:54:14 +0000] "OPTIONS /feed/posts/?page=1 HTTP/1.1" 204 0 "http://localhost:8080/feed" "Mozilla/5.0 (Windows NT 10.0; Win64; x64) AppleWebKit/537.36 (KHTML, like Gecko) Chrome/81.0.4044.129 Safari/537.36"
::1 - - [28/Apr/2020:03:54:14 +0000] "GET /feed/posts/?page=1 HTTP/1.1" 200 - "http://localhost:8080/feed" "Mozilla/5.0 (Windows NT 10.0; Win64; x64) AppleWebKit/537.36 (KHTML, like Gecko) Chrome/81.0.4044.129 Safari/537.36"
::1 - - [28/Apr/2020:04:18:13 +0000] "GET /favicon.ico HTTP/1.1" 404 150 "http://localhost:3000/user/profile/5ea624589ef8ac03277b7043" "Mozilla/5.0 (Windows NT 10.0; Win64; x64) AppleWebKit/537.36 (KHTML, like Gecko) Chrome/81.0.4044.129 Safari/537.36"
::1 - - [28/Apr/2020:05:06:16 +0000] "OPTIONS /auth/login HTTP/1.1" 204 0 "http://localhost:8080/login" "Mozilla/5.0 (Windows NT 10.0; Win64; x64) AppleWebKit/537.36 (KHTML, like Gecko) Chrome/81.0.4044.129 Safari/537.36"
::1 - - [28/Apr/2020:05:06:17 +0000] "POST /auth/login HTTP/1.1" 200 269 "http://localhost:8080/login" "Mozilla/5.0 (Windows NT 10.0; Win64; x64) AppleWebKit/537.36 (KHTML, like Gecko) Chrome/81.0.4044.129 Safari/537.36"
::1 - - [28/Apr/2020:05:06:19 +0000] "OPTIONS /feed/posts/?page=1 HTTP/1.1" 204 0 "http://localhost:8080/feed" "Mozilla/5.0 (Windows NT 10.0; Win64; x64) AppleWebKit/537.36 (KHTML, like Gecko) Chrome/81.0.4044.129 Safari/537.36"
::1 - - [28/Apr/2020:05:06:19 +0000] "GET /feed/posts/?page=1 HTTP/1.1" 304 - "http://localhost:8080/feed" "Mozilla/5.0 (Windows NT 10.0; Win64; x64) AppleWebKit/537.36 (KHTML, like Gecko) Chrome/81.0.4044.129 Safari/537.36"
::1 - - [28/Apr/2020:05:06:47 +0000] "OPTIONS /feed/posts HTTP/1.1" 204 0 "http://localhost:8080/feed" "Mozilla/5.0 (Windows NT 10.0; Win64; x64) AppleWebKit/537.36 (KHTML, like Gecko) Chrome/81.0.4044.129 Safari/537.36"
::1 - - [28/Apr/2020:05:06:47 +0000] "POST /feed/posts HTTP/1.1" 201 310 "http://localhost:8080/feed" "Mozilla/5.0 (Windows NT 10.0; Win64; x64) AppleWebKit/537.36 (KHTML, like Gecko) Chrome/81.0.4044.129 Safari/537.36"
::1 - - [28/Apr/2020:05:06:57 +0000] "OPTIONS /feed/posts/?page=1 HTTP/1.1" 204 0 "http://localhost:8080/feed" "Mozilla/5.0 (Windows NT 10.0; Win64; x64) AppleWebKit/537.36 (KHTML, like Gecko) Chrome/81.0.4044.129 Safari/537.36"
::1 - - [28/Apr/2020:05:06:57 +0000] "GET /feed/posts/?page=1 HTTP/1.1" 200 - "http://localhost:8080/feed" "Mozilla/5.0 (Windows NT 10.0; Win64; x64) AppleWebKit/537.36 (KHTML, like Gecko) Chrome/81.0.4044.129 Safari/537.36"
::1 - - [28/Apr/2020:05:07:03 +0000] "OPTIONS /feed/posts HTTP/1.1" 204 0 "http://localhost:8080/feed" "Mozilla/5.0 (Windows NT 10.0; Win64; x64) AppleWebKit/537.36 (KHTML, like Gecko) Chrome/81.0.4044.129 Safari/537.36"
::1 - - [28/Apr/2020:05:07:03 +0000] "POST /feed/posts HTTP/1.1" 201 309 "http://localhost:8080/feed" "Mozilla/5.0 (Windows NT 10.0; Win64; x64) AppleWebKit/537.36 (KHTML, like Gecko) Chrome/81.0.4044.129 Safari/537.36"
::1 - - [28/Apr/2020:05:08:07 +0000] "OPTIONS /feed/posts/?page=1 HTTP/1.1" 204 0 "http://localhost:8080/feed" "Mozilla/5.0 (Windows NT 10.0; Win64; x64) AppleWebKit/537.36 (KHTML, like Gecko) Chrome/81.0.4044.129 Safari/537.36"
::1 - - [28/Apr/2020:05:08:08 +0000] "GET /feed/posts/?page=1 HTTP/1.1" 200 - "http://localhost:8080/feed" "Mozilla/5.0 (Windows NT 10.0; Win64; x64) AppleWebKit/537.36 (KHTML, like Gecko) Chrome/81.0.4044.129 Safari/537.36"
::1 - - [28/Apr/2020:05:08:18 +0000] "OPTIONS /feed/posts HTTP/1.1" 204 0 "http://localhost:8080/feed" "Mozilla/5.0 (Windows NT 10.0; Win64; x64) AppleWebKit/537.36 (KHTML, like Gecko) Chrome/81.0.4044.129 Safari/537.36"
::1 - - [28/Apr/2020:05:08:18 +0000] "POST /feed/posts HTTP/1.1" 201 313 "http://localhost:8080/feed" "Mozilla/5.0 (Windows NT 10.0; Win64; x64) AppleWebKit/537.36 (KHTML, like Gecko) Chrome/81.0.4044.129 Safari/537.36"
::1 - - [28/Apr/2020:05:08:21 +0000] "OPTIONS /feed/post/5ea7ba42d4dc9a06ca0cc36f HTTP/1.1" 204 0 "http://localhost:8080/feed" "Mozilla/5.0 (Windows NT 10.0; Win64; x64) AppleWebKit/537.36 (KHTML, like Gecko) Chrome/81.0.4044.129 Safari/537.36"
::1 - - [28/Apr/2020:05:08:22 +0000] "DELETE /feed/post/5ea7ba42d4dc9a06ca0cc36f HTTP/1.1" 200 27 "http://localhost:8080/feed" "Mozilla/5.0 (Windows NT 10.0; Win64; x64) AppleWebKit/537.36 (KHTML, like Gecko) Chrome/81.0.4044.129 Safari/537.36"
::1 - - [28/Apr/2020:05:08:36 +0000] "OPTIONS /feed/post/5ea7ba42d4dc9a06ca0cc36f HTTP/1.1" 204 0 "http://localhost:8080/feed" "Mozilla/5.0 (Windows NT 10.0; Win64; x64) AppleWebKit/537.36 (KHTML, like Gecko) Chrome/81.0.4044.129 Safari/537.36"
::1 - - [28/Apr/2020:05:08:36 +0000] "DELETE /feed/post/5ea7ba42d4dc9a06ca0cc36f HTTP/1.1" 404 33 "http://localhost:8080/feed" "Mozilla/5.0 (Windows NT 10.0; Win64; x64) AppleWebKit/537.36 (KHTML, like Gecko) Chrome/81.0.4044.129 Safari/537.36"
